<?xml version="1.0" encoding="utf-8"?><testsuites name="pytest tests"><testsuite name="pytest" errors="0" failures="0" skipped="0" tests="44" time="41.918" timestamp="2026-03-20T17:00:11.460884+00:00" hostname="agent-env-b991646a-f857-4bd9-a7dd-575cdef584da"><testcase classname="backend.tests.test_diagnostic_sweep.TestHealthCheck" name="test_health_check" time="0.237" /><testcase classname="backend.tests.test_diagnostic_sweep.TestAuthentication" name="test_auth_me_no_token" time="0.142" /><testcase classname="backend.tests.test_diagnostic_sweep.TestAuthentication" name="test_auth_me_invalid_token" time="0.167" /><testcase classname="backend.tests.test_diagnostic_sweep.TestAuthentication" name="test_auth_me_valid_token" time="0.513" /><testcase classname="backend.tests.test_diagnostic_sweep.TestAuthentication" name="test_auth_select_role_invalid" time="0.145" /><testcase classname="backend.tests.test_diagnostic_sweep.TestAuthentication" name="test_auth_logout" time="0.424" /><testcase classname="backend.tests.test_diagnostic_sweep.TestGearCRUD" name="test_create_gear_unauthorized" time="0.147" /><testcase classname="backend.tests.test_diagnostic_sweep.TestGearCRUD" name="test_create_gear_rental_house" time="0.421" /><testcase classname="backend.tests.test_diagnostic_sweep.TestGearCRUD" name="test_get_gear_list" time="0.161" /><testcase classname="backend.tests.test_diagnostic_sweep.TestGearCRUD" name="test_get_gear_by_id" time="0.124" /><testcase classname="backend.tests.test_diagnostic_sweep.TestGearCRUD" name="test_update_gear" time="0.160" /><testcase classname="backend.tests.test_diagnostic_sweep.TestGearCRUD" name="test_update_gear_unauthorized" time="0.120" /><testcase classname="backend.tests.test_diagnostic_sweep.TestGearCRUD" name="test_get_gear_not_found" time="0.136" /><testcase classname="backend.tests.test_diagnostic_sweep.TestGearCRUD" name="test_delete_gear_unauthorized" time="0.145" /><testcase classname="backend.tests.test_diagnostic_sweep.TestProjects" name="test_create_project_unauthorized" time="0.181" /><testcase classname="backend.tests.test_diagnostic_sweep.TestProjects" name="test_create_project_filmmaker" time="16.622" /><testcase classname="backend.tests.test_diagnostic_sweep.TestProjects" name="test_get_projects_list" time="2.013" /><testcase classname="backend.tests.test_diagnostic_sweep.TestProjects" name="test_get_project_by_id" time="0.284" /><testcase classname="backend.tests.test_diagnostic_sweep.TestProjects" name="test_get_project_unauthorized" time="0.174" /><testcase classname="backend.tests.test_diagnostic_sweep.TestProjects" name="test_get_project_not_found" time="0.191" /><testcase classname="backend.tests.test_diagnostic_sweep.TestProjects" name="test_retry_project_analysis" time="14.618" /><testcase classname="backend.tests.test_diagnostic_sweep.TestLeadsAndQuotes" name="test_create_lead_invalid_project" time="0.190" /><testcase classname="backend.tests.test_diagnostic_sweep.TestLeadsAndQuotes" name="test_create_lead_invalid_supplier" time="0.134" /><testcase classname="backend.tests.test_diagnostic_sweep.TestLeadsAndQuotes" name="test_create_lead_valid" time="0.195" /><testcase classname="backend.tests.test_diagnostic_sweep.TestLeadsAndQuotes" name="test_get_leads_filmmaker" time="0.121" /><testcase classname="backend.tests.test_diagnostic_sweep.TestLeadsAndQuotes" name="test_get_leads_rental" time="0.133" /><testcase classname="backend.tests.test_diagnostic_sweep.TestLeadsAndQuotes" name="test_get_lead_by_id" time="0.137" /><testcase classname="backend.tests.test_diagnostic_sweep.TestLeadsAndQuotes" name="test_send_quote_unauthorized" time="0.138" /><testcase classname="backend.tests.test_diagnostic_sweep.TestLeadsAndQuotes" name="test_send_quote_rental" time="0.153" /><testcase classname="backend.tests.test_diagnostic_sweep.TestLeadsAndQuotes" name="test_accept_quote_not_quoted" time="0.212" /><testcase classname="backend.tests.test_diagnostic_sweep.TestLeadsAndQuotes" name="test_accept_quote" time="0.153" /><testcase classname="backend.tests.test_diagnostic_sweep.TestLeadsAndQuotes" name="test_decline_quote" time="0.307" /><testcase classname="backend.tests.test_diagnostic_sweep.TestPayments" name="test_create_checkout_unauthorized" time="0.126" /><testcase classname="backend.tests.test_diagnostic_sweep.TestPayments" name="test_create_checkout_valid" time="0.651" /><testcase classname="backend.tests.test_diagnostic_sweep.TestStripeConnect" name="test_stripe_onboard_unauthorized" time="0.601" /><testcase classname="backend.tests.test_diagnostic_sweep.TestStripeConnect" name="test_stripe_status_unauthorized" time="0.129" /><testcase classname="backend.tests.test_diagnostic_sweep.TestProfile" name="test_update_profile_name" time="0.178" /><testcase classname="backend.tests.test_diagnostic_sweep.TestProfile" name="test_update_profile_phone" time="0.128" /><testcase classname="backend.tests.test_diagnostic_sweep.TestProfile" name="test_update_profile_short_name" time="0.150" /><testcase classname="backend.tests.test_diagnostic_sweep.TestProfile" name="test_update_profile_empty_body" time="0.138" /><testcase classname="backend.tests.test_diagnostic_sweep.TestOtherEndpoints" name="test_get_rental_houses" time="0.140" /><testcase classname="backend.tests.test_diagnostic_sweep.TestOtherEndpoints" name="test_get_user_by_id" time="0.126" /><testcase classname="backend.tests.test_diagnostic_sweep.TestOtherEndpoints" name="test_get_user_not_found" time="0.140" /><testcase classname="backend.tests.test_diagnostic_sweep" name="test_cleanup" time="0.293" /></testsuite></testsuites>