<?xml version="1.0" encoding="utf-8"?><testsuites name="pytest tests"><testsuite name="pytest" errors="0" failures="0" skipped="0" tests="47" time="44.937" timestamp="2026-03-16T22:00:34.923664+00:00" hostname="agent-env-b991646a-f857-4bd9-a7dd-575cdef584da"><testcase classname="backend.tests.test_comprehensive_api.TestHealthAndBasicAuth" name="test_01_health_endpoint" time="0.282" /><testcase classname="backend.tests.test_comprehensive_api.TestHealthAndBasicAuth" name="test_02_auth_me_no_token" time="0.322" /><testcase classname="backend.tests.test_comprehensive_api.TestHealthAndBasicAuth" name="test_03_auth_me_invalid_token" time="0.206" /><testcase classname="backend.tests.test_comprehensive_api.TestHealthAndBasicAuth" name="test_04_auth_me_filmmaker" time="0.123" /><testcase classname="backend.tests.test_comprehensive_api.TestHealthAndBasicAuth" name="test_05_auth_me_rental_house" time="0.132" /><testcase classname="backend.tests.test_comprehensive_api.TestRoleSelection" name="test_01_select_role_invalid_role" time="0.175" /><testcase classname="backend.tests.test_comprehensive_api.TestRoleSelection" name="test_02_select_role_filmmaker" time="0.128" /><testcase classname="backend.tests.test_comprehensive_api.TestRentalHouseGearCRUD" name="test_01_create_gear_unauthorized" time="0.190" /><testcase classname="backend.tests.test_comprehensive_api.TestRentalHouseGearCRUD" name="test_02_create_gear_success" time="0.163" /><testcase classname="backend.tests.test_comprehensive_api.TestRentalHouseGearCRUD" name="test_03_get_gear_list_rental" time="0.129" /><testcase classname="backend.tests.test_comprehensive_api.TestRentalHouseGearCRUD" name="test_04_get_single_gear" time="0.145" /><testcase classname="backend.tests.test_comprehensive_api.TestRentalHouseGearCRUD" name="test_05_update_gear" time="0.295" /><testcase classname="backend.tests.test_comprehensive_api.TestRentalHouseGearCRUD" name="test_06_update_gear_unauthorized" time="0.122" /><testcase classname="backend.tests.test_comprehensive_api.TestRentalHouseGearCRUD" name="test_07_get_gear_not_found" time="0.129" /><testcase classname="backend.tests.test_comprehensive_api.TestFilmmakerProjects" name="test_01_create_project_unauthorized" time="0.227" /><testcase classname="backend.tests.test_comprehensive_api.TestFilmmakerProjects" name="test_02_create_project_success" time="16.990" /><testcase classname="backend.tests.test_comprehensive_api.TestFilmmakerProjects" name="test_03_get_projects_list" time="0.188" /><testcase classname="backend.tests.test_comprehensive_api.TestFilmmakerProjects" name="test_04_get_project_detail" time="0.119" /><testcase classname="backend.tests.test_comprehensive_api.TestFilmmakerProjects" name="test_05_get_project_other_user" time="0.116" /><testcase classname="backend.tests.test_comprehensive_api.TestFilmmakerProjects" name="test_06_get_project_not_found" time="0.156" /><testcase classname="backend.tests.test_comprehensive_api.TestFilmmakerProjects" name="test_07_retry_analysis" time="19.284" /><testcase classname="backend.tests.test_comprehensive_api.TestLeadWorkflow" name="test_01_create_lead_invalid_project" time="0.278" /><testcase classname="backend.tests.test_comprehensive_api.TestLeadWorkflow" name="test_02_create_lead_invalid_supplier" time="0.140" /><testcase classname="backend.tests.test_comprehensive_api.TestLeadWorkflow" name="test_03_create_lead_success" time="0.138" /><testcase classname="backend.tests.test_comprehensive_api.TestLeadWorkflow" name="test_04_get_leads_filmmaker" time="0.135" /><testcase classname="backend.tests.test_comprehensive_api.TestLeadWorkflow" name="test_05_get_leads_rental" time="0.125" /><testcase classname="backend.tests.test_comprehensive_api.TestLeadWorkflow" name="test_06_get_lead_detail" time="0.130" /><testcase classname="backend.tests.test_comprehensive_api.TestLeadWorkflow" name="test_07_send_quote_unauthorized" time="0.171" /><testcase classname="backend.tests.test_comprehensive_api.TestLeadWorkflow" name="test_08_send_quote_success" time="0.133" /><testcase classname="backend.tests.test_comprehensive_api.TestLeadWorkflow" name="test_09_accept_quote_non_quoted" time="0.259" /><testcase classname="backend.tests.test_comprehensive_api.TestLeadWorkflow" name="test_10_accept_quote_success" time="0.263" /><testcase classname="backend.tests.test_comprehensive_api.TestLeadWorkflow" name="test_11_decline_quote" time="0.364" /><testcase classname="backend.tests.test_comprehensive_api.TestPaymentEndpoints" name="test_01_create_checkout_unauthorized" time="0.115" /><testcase classname="backend.tests.test_comprehensive_api.TestPaymentEndpoints" name="test_02_create_checkout_success" time="0.636" /><testcase classname="backend.tests.test_comprehensive_api.TestStripeConnect" name="test_01_connect_onboard_unauthorized" time="0.114" /><testcase classname="backend.tests.test_comprehensive_api.TestStripeConnect" name="test_02_connect_status_unauthorized" time="0.115" /><testcase classname="backend.tests.test_comprehensive_api.TestProfileManagement" name="test_01_update_profile_name" time="0.111" /><testcase classname="backend.tests.test_comprehensive_api.TestProfileManagement" name="test_02_update_profile_phone" time="0.159" /><testcase classname="backend.tests.test_comprehensive_api.TestProfileManagement" name="test_03_update_profile_short_name" time="0.139" /><testcase classname="backend.tests.test_comprehensive_api.TestProfileManagement" name="test_04_update_profile_empty_name" time="0.121" /><testcase classname="backend.tests.test_comprehensive_api.TestProfileManagement" name="test_05_update_profile_empty_request" time="0.329" /><testcase classname="backend.tests.test_comprehensive_api.TestProfileManagement" name="test_06_rental_update_company_name" time="0.123" /><testcase classname="backend.tests.test_comprehensive_api.TestRentalHousesList" name="test_01_get_rental_houses" time="0.104" /><testcase classname="backend.tests.test_comprehensive_api.TestGetUserEndpoint" name="test_01_get_user_details" time="0.109" /><testcase classname="backend.tests.test_comprehensive_api.TestGetUserEndpoint" name="test_02_get_user_not_found" time="0.120" /><testcase classname="backend.tests.test_comprehensive_api.TestLogout" name="test_01_logout" time="0.404" /><testcase classname="backend.tests.test_comprehensive_api.TestCleanup" name="test_99_cleanup" time="0.373" /></testsuite></testsuites>