<?xml version="1.0" encoding="utf-8"?><testsuites name="pytest tests"><testsuite name="pytest" errors="0" failures="0" skipped="0" tests="12" time="22.226" timestamp="2026-03-16T21:31:42.897248+00:00" hostname="agent-env-b991646a-f857-4bd9-a7dd-575cdef584da"><testcase classname="backend.tests.test_email_integration.TestHealthAndBasics" name="test_health_endpoint" time="0.291" /><testcase classname="backend.tests.test_email_integration.TestHealthAndBasics" name="test_auth_me_filmmaker" time="0.171" /><testcase classname="backend.tests.test_email_integration.TestHealthAndBasics" name="test_auth_me_rental" time="0.149" /><testcase classname="backend.tests.test_email_integration.TestWelcomeEmailTrigger" name="test_select_role_filmmaker_triggers_email" time="0.167" /><testcase classname="backend.tests.test_email_integration.TestWelcomeEmailTrigger" name="test_select_role_rental_house_triggers_email" time="0.153" /><testcase classname="backend.tests.test_email_integration.TestNewLeadEmailTrigger" name="test_create_lead_triggers_email_to_rental" time="10.289" /><testcase classname="backend.tests.test_email_integration.TestQuoteEmailTrigger" name="test_update_quote_triggers_email_to_filmmaker" time="10.204" /><testcase classname="backend.tests.test_email_integration.TestEmailLogsCollection" name="test_email_logs_exist" time="0.369" /><testcase classname="backend.tests.test_email_integration.TestErrorHandling" name="test_backend_still_running_after_email_triggers" time="0.116" /><testcase classname="backend.tests.test_email_integration.TestErrorHandling" name="test_can_still_fetch_leads" time="0.109" /><testcase classname="backend.tests.test_email_integration.TestErrorHandling" name="test_can_still_fetch_projects" time="0.147" /><testcase classname="backend.tests.test_email_integration.TestEmailTemplates" name="test_email_templates_are_accessible" time="0.003" /></testsuite></testsuites>