<?xml version="1.0" encoding="utf-8"?><testsuites name="pytest tests"><testsuite name="pytest" errors="0" failures="0" skipped="0" tests="20" time="3.899" timestamp="2026-03-16T21:45:12.487921+00:00" hostname="agent-env-b991646a-f857-4bd9-a7dd-575cdef584da"><testcase classname="backend.tests.test_profile_and_leads.TestHealthCheck" name="test_health_endpoint" time="0.289" /><testcase classname="backend.tests.test_profile_and_leads.TestFilmmakerLeadsAPI" name="test_get_leads_returns_200" time="0.196" /><testcase classname="backend.tests.test_profile_and_leads.TestFilmmakerLeadsAPI" name="test_get_leads_returns_correct_structure" time="0.167" /><testcase classname="backend.tests.test_profile_and_leads.TestFilmmakerLeadsAPI" name="test_get_lead_details_returns_200" time="0.218" /><testcase classname="backend.tests.test_profile_and_leads.TestFilmmakerLeadsAPI" name="test_get_lead_details_new_status" time="0.152" /><testcase classname="backend.tests.test_profile_and_leads.TestFilmmakerLeadsAPI" name="test_get_lead_not_found" time="0.142" /><testcase classname="backend.tests.test_profile_and_leads.TestFilmmakerLeadsAPI" name="test_decline_quoted_lead" time="0.310" /><testcase classname="backend.tests.test_profile_and_leads.TestFilmmakerLeadsAPI" name="test_leads_requires_auth" time="0.134" /><testcase classname="backend.tests.test_profile_and_leads.TestProfileManagement" name="test_get_current_user" time="0.135" /><testcase classname="backend.tests.test_profile_and_leads.TestProfileManagement" name="test_update_profile_name" time="0.163" /><testcase classname="backend.tests.test_profile_and_leads.TestProfileManagement" name="test_update_profile_phone" time="0.158" /><testcase classname="backend.tests.test_profile_and_leads.TestProfileManagement" name="test_update_profile_multiple_fields" time="0.134" /><testcase classname="backend.tests.test_profile_and_leads.TestProfileManagement" name="test_update_profile_name_validation" time="0.202" /><testcase classname="backend.tests.test_profile_and_leads.TestProfileManagement" name="test_update_profile_empty_name_validation" time="0.135" /><testcase classname="backend.tests.test_profile_and_leads.TestProfileManagement" name="test_rental_house_can_update_company_name" time="0.134" /><testcase classname="backend.tests.test_profile_and_leads.TestProfileManagement" name="test_filmmaker_cannot_update_company_name" time="0.295" /><testcase classname="backend.tests.test_profile_and_leads.TestProfileManagement" name="test_profile_requires_auth" time="0.126" /><testcase classname="backend.tests.test_profile_and_leads.TestProfileManagement" name="test_profile_no_fields_to_update" time="0.133" /><testcase classname="backend.tests.test_profile_and_leads.TestGetUsersEndpoint" name="test_get_rental_house_user" time="0.260" /><testcase classname="backend.tests.test_profile_and_leads.TestCleanup" name="test_cleanup_test_data" time="0.347" /></testsuite></testsuites>